17/10/2013 23:2:56-guest-TkMCZM-Iniciar_A-I-Comando Iniciar_A Inicio de Ejecución. 
17/10/2013 23:2:56-guest-TkMCZM-Iniciar_A-I-El archivo /tmp/guest-TkMCZM/Escritorio/Instalador/conf/Instalar_TP.conf tiene el permiso r. 
17/10/2013 23:2:56-guest-TkMCZM-Iniciar_A-I-El directorio /tmp/guest-TkMCZM/Escritorio/Instalador tiene el permiso r. 
17/10/2013 23:2:56-guest-TkMCZM-Iniciar_A-I-El directorio /tmp/guest-TkMCZM/Escritorio/Instalador tiene el permiso w. 
17/10/2013 23:2:56-guest-TkMCZM-Iniciar_A-I-El directorio /tmp/guest-TkMCZM/Escritorio/Instalador tiene el permiso x. 
17/10/2013 23:2:56-guest-TkMCZM-Iniciar_A-I-El directorio /tmp/guest-TkMCZM/Escritorio/Instalador/bin tiene el permiso r. 
17/10/2013 23:2:56-guest-TkMCZM-Iniciar_A-I-El directorio /tmp/guest-TkMCZM/Escritorio/Instalador/bin tiene el permiso x. 
17/10/2013 23:2:56-guest-TkMCZM-Iniciar_A-I-El directorio /tmp/guest-TkMCZM/Escritorio/Instalador/conf tiene el permiso r. 
17/10/2013 23:2:56-guest-TkMCZM-Iniciar_A-I-El directorio /tmp/guest-TkMCZM/Escritorio/Instalador/conf tiene el permiso w. 
17/10/2013 23:2:56-guest-TkMCZM-Iniciar_A-I-El directorio /tmp/guest-TkMCZM/Escritorio/Instalador/conf tiene el permiso x. 
17/10/2013 23:2:56-guest-TkMCZM-Iniciar_A-I-El directorio /tmp/guest-TkMCZM/Escritorio/Instalador/mae tiene el permiso r. 
17/10/2013 23:2:56-guest-TkMCZM-Iniciar_A-I-El directorio /tmp/guest-TkMCZM/Escritorio/Instalador/mae tiene el permiso w. 
17/10/2013 23:2:56-guest-TkMCZM-Iniciar_A-I-El directorio /tmp/guest-TkMCZM/Escritorio/Instalador/mae tiene el permiso x. 
17/10/2013 23:2:56-guest-TkMCZM-Iniciar_A-I-El directorio /tmp/guest-TkMCZM/Escritorio/Instalador/arribos tiene el permiso r. 
17/10/2013 23:2:56-guest-TkMCZM-Iniciar_A-I-El directorio /tmp/guest-TkMCZM/Escritorio/Instalador/arribos tiene el permiso w. 
17/10/2013 23:2:56-guest-TkMCZM-Iniciar_A-I-El directorio /tmp/guest-TkMCZM/Escritorio/Instalador/arribos tiene el permiso x. 
17/10/2013 23:2:56-guest-TkMCZM-Iniciar_A-I-El directorio /tmp/guest-TkMCZM/Escritorio/Instalador/aceptados tiene el permiso r. 
17/10/2013 23:2:56-guest-TkMCZM-Iniciar_A-I-El directorio /tmp/guest-TkMCZM/Escritorio/Instalador/aceptados tiene el permiso w. 
17/10/2013 23:2:56-guest-TkMCZM-Iniciar_A-I-El directorio /tmp/guest-TkMCZM/Escritorio/Instalador/aceptados tiene el permiso x. 
17/10/2013 23:2:56-guest-TkMCZM-Iniciar_A-I-El directorio /tmp/guest-TkMCZM/Escritorio/Instalador/rechazados tiene el permiso r. 
17/10/2013 23:2:56-guest-TkMCZM-Iniciar_A-I-El directorio /tmp/guest-TkMCZM/Escritorio/Instalador/rechazados tiene el permiso w. 
17/10/2013 23:2:56-guest-TkMCZM-Iniciar_A-I-El directorio /tmp/guest-TkMCZM/Escritorio/Instalador/rechazados tiene el permiso x. 
17/10/2013 23:2:56-guest-TkMCZM-Iniciar_A-I-El directorio /tmp/guest-TkMCZM/Escritorio/Instalador/procesados tiene el permiso r. 
17/10/2013 23:2:56-guest-TkMCZM-Iniciar_A-I-El directorio /tmp/guest-TkMCZM/Escritorio/Instalador/procesados tiene el permiso w. 
17/10/2013 23:2:56-guest-TkMCZM-Iniciar_A-I-El directorio /tmp/guest-TkMCZM/Escritorio/Instalador/procesados tiene el permiso x. 
17/10/2013 23:2:56-guest-TkMCZM-Iniciar_A-I-El directorio /tmp/guest-TkMCZM/Escritorio/Instalador/listados tiene el permiso r. 
17/10/2013 23:2:56-guest-TkMCZM-Iniciar_A-I-El directorio /tmp/guest-TkMCZM/Escritorio/Instalador/listados tiene el permiso w. 
17/10/2013 23:2:56-guest-TkMCZM-Iniciar_A-I-El directorio /tmp/guest-TkMCZM/Escritorio/Instalador/listados tiene el permiso x. 
17/10/2013 23:2:56-guest-TkMCZM-Iniciar_A-I-El directorio /tmp/guest-TkMCZM/Escritorio/Instalador/log tiene el permiso r. 
17/10/2013 23:2:56-guest-TkMCZM-Iniciar_A-I-El directorio /tmp/guest-TkMCZM/Escritorio/Instalador/log tiene el permiso w. 
17/10/2013 23:2:56-guest-TkMCZM-Iniciar_A-I-El directorio /tmp/guest-TkMCZM/Escritorio/Instalador/log tiene el permiso x. 
17/10/2013 23:2:56-guest-TkMCZM-Iniciar_A-I-El archivo /tmp/guest-TkMCZM/Escritorio/Instalador/mae/salas.mae tiene el permiso r. 
17/10/2013 23:2:56-guest-TkMCZM-Iniciar_A-I-El archivo /tmp/guest-TkMCZM/Escritorio/Instalador/mae/obras.mae tiene el permiso r. 
17/10/2013 23:2:56-guest-TkMCZM-Iniciar_A-I-El archivo /tmp/guest-TkMCZM/Escritorio/Instalador/procesados/combos.dis tiene el permiso r. 
17/10/2013 23:2:56-guest-TkMCZM-Iniciar_A-I-El archivo /tmp/guest-TkMCZM/Escritorio/Instalador/bin/Recibir_A.sh no tiene el permiso x , se lo agrega. 
17/10/2013 23:2:56-guest-TkMCZM-Iniciar_A-I-El archivo /tmp/guest-TkMCZM/Escritorio/Instalador/bin/Reservar_A.sh no tiene el permiso x , se lo agrega. 
17/10/2013 23:2:56-guest-TkMCZM-Iniciar_A-I-El archivo /tmp/guest-TkMCZM/Escritorio/Instalador/bin/Start_A.sh no tiene el permiso x , se lo agrega. 
17/10/2013 23:2:56-guest-TkMCZM-Iniciar_A-I-El archivo /tmp/guest-TkMCZM/Escritorio/Instalador/bin/Stop_A.sh no tiene el permiso x , se lo agrega. 
17/10/2013 23:2:56-guest-TkMCZM-Iniciar_A-I-El archivo /tmp/guest-TkMCZM/Escritorio/Instalador/bin/Grabar_L.pl no tiene el permiso x , se lo agrega. 
17/10/2013 23:2:56-guest-TkMCZM-Iniciar_A-I-El archivo /tmp/guest-TkMCZM/Escritorio/Instalador/bin/Imprimir_A.pl no tiene el permiso x , se lo agrega. 
17/10/2013 23:2:56-guest-TkMCZM-Iniciar_A-I-El archivo /tmp/guest-TkMCZM/Escritorio/Instalador/bin/Mover_A.pl no tiene el permiso x , se lo agrega. 
17/10/2013 23:2:57-guest-TkMCZM-Iniciar_A-I-Respuesta positiva del usuario sobre activacion de Recibir_A. 
17/10/2013 23:2:57-guest-TkMCZM-Iniciar_A-I-Se ejecuta el comando Recibir_A.sh 
17/10/2013 23:2:57-guest-TkMCZM-Iniciar_A-I-Para detener el demonio Recibir_A, ejecutar el comando 'Stop_A.sh Recibir_A.sh' sin las comillas. 
17/10/2013 23:2:57-guest-TkMCZM-Iniciar_A-I-TP S07508 Segundo Cuatrimestre 2013. Tema A Copyright © Grupo 3 
17/10/2013 23:2:57-guest-TkMCZM-Iniciar_A-I-Librería del Sistema: conf 
17/10/2013 23:2:57-guest-TkMCZM-Iniciar_A-I-	Archivos: 
17/10/2013 23:2:57-guest-TkMCZM-Iniciar_A-I-		Iniciar_A.log 
17/10/2013 23:2:57-guest-TkMCZM-Iniciar_A-I-		Instalar_TP.conf 
17/10/2013 23:2:57-guest-TkMCZM-Iniciar_A-I-		Instalar_TP.log 
17/10/2013 23:2:57-guest-TkMCZM-Iniciar_A-I-Ejecutables: bin 
17/10/2013 23:2:57-guest-TkMCZM-Iniciar_A-I-	Archivos: 
17/10/2013 23:2:57-guest-TkMCZM-Iniciar_A-I-		Grabar_L.pl 
17/10/2013 23:2:57-guest-TkMCZM-Iniciar_A-I-		Imprimir_A.pl 
17/10/2013 23:2:57-guest-TkMCZM-Iniciar_A-I-		Iniciar_A.sh 
17/10/2013 23:2:57-guest-TkMCZM-Iniciar_A-I-		Mover_A.pl 
17/10/2013 23:2:57-guest-TkMCZM-Iniciar_A-I-		Recibir_A.sh 
17/10/2013 23:2:57-guest-TkMCZM-Iniciar_A-I-		Reservar_A.sh 
17/10/2013 23:2:57-guest-TkMCZM-Iniciar_A-I-		Start_A.sh 
17/10/2013 23:2:57-guest-TkMCZM-Iniciar_A-I-		Stop_A.sh 
17/10/2013 23:2:57-guest-TkMCZM-Iniciar_A-I-Archivos maestros: mae 
17/10/2013 23:2:57-guest-TkMCZM-Iniciar_A-I-	Archivos: 
17/10/2013 23:2:57-guest-TkMCZM-Iniciar_A-I-		obras.mae 
17/10/2013 23:2:57-guest-TkMCZM-Iniciar_A-I-		salas.mae 
17/10/2013 23:2:57-guest-TkMCZM-Iniciar_A-I-Directorio de arribo de archivos externos: arribos 
17/10/2013 23:2:57-guest-TkMCZM-Iniciar_A-I-Archivos externos aceptados: aceptados 
17/10/2013 23:2:57-guest-TkMCZM-Iniciar_A-I-Archivos externos rechazados: rechazados 
17/10/2013 23:2:57-guest-TkMCZM-Iniciar_A-I-Reportes de salida: listados 
17/10/2013 23:2:57-guest-TkMCZM-Iniciar_A-I-Archivos procesados: procesados 
17/10/2013 23:2:57-guest-TkMCZM-Iniciar_A-I-Logs de auditoría del Sistema: log/<comando>.log 
17/10/2013 23:2:57-guest-TkMCZM-Iniciar_A-I-Estado del Sistema: INICIALIZADO 
17/10/2013 23:2:57-guest-TkMCZM-Iniciar_A-I-Demonio corriendo bajo el no.: 10591 
17/10/2013 23:2:57-guest-TkMCZM-Iniciar_A-I-El programa finalizó con éxito. 
17/10/2013 23:2:57-guest-TkMCZM-Iniciar_A-I-Comando Iniciar_A Fin de Ejecución. 
