17/10/2013 23:2:57--Recibir_A-I-Ciclo Numero 1 
17/10/2013 23:3:7--Recibir_A-I-Ciclo Numero 2 
17/10/2013 23:3:17--Recibir_A-I-Ciclo Numero 3 
17/10/2013 23:3:27--Recibir_A-I-Ciclo Numero 4 
17/10/2013 23:3:27--Recibir_A-I-El archivo 1241.inv se movio exitosamente 
17/10/2013 23:3:27--Recibir_A-I-El archivo de invitados  1241.inv fue aceptado y movido a /tmp/guest-TkMCZM/Escritorio/Instalador/listados 
17/10/2013 23:3:27--Recibir_A-I-El archivo 1242.inv se movio exitosamente 
17/10/2013 23:3:27--Recibir_A-I-El archivo de invitados  1242.inv fue aceptado y movido a /tmp/guest-TkMCZM/Escritorio/Instalador/listados 
17/10/2013 23:3:27--Recibir_A-I-El archivo 1243.inv se movio exitosamente 
17/10/2013 23:3:27--Recibir_A-I-El archivo de invitados  1243.inv fue aceptado y movido a /tmp/guest-TkMCZM/Escritorio/Instalador/listados 
17/10/2013 23:3:27--Recibir_A-I-El archivo 1244.inv se movio exitosamente 
17/10/2013 23:3:27--Recibir_A-I-El archivo de invitados  1244.inv fue aceptado y movido a /tmp/guest-TkMCZM/Escritorio/Instalador/listados 
17/10/2013 23:3:27--Recibir_A-I-El archivo 1245.inv se movio exitosamente 
17/10/2013 23:3:27--Recibir_A-I-El archivo de invitados  1245.inv fue aceptado y movido a /tmp/guest-TkMCZM/Escritorio/Instalador/listados 
17/10/2013 23:3:27--Recibir_A-I-El archivo 1246.inv se movio exitosamente 
17/10/2013 23:3:27--Recibir_A-I-El archivo de invitados  1246.inv fue aceptado y movido a /tmp/guest-TkMCZM/Escritorio/Instalador/listados 
17/10/2013 23:3:27--Recibir_A-I-El archivo 1247.inv se movio exitosamente 
17/10/2013 23:3:27--Recibir_A-I-El archivo de invitados  1247.inv fue aceptado y movido a /tmp/guest-TkMCZM/Escritorio/Instalador/listados 
17/10/2013 23:3:27--Recibir_A-I-El archivo 18-Teatro.Payro@reservas.com.ar-PAyro171013a se movio exitosamente 
17/10/2013 23:3:27--Recibir_A-I-El archivo 18-Teatro.Payro@reservas.com.ar-PAyro171013a de reservas ha sido aceptado 
17/10/2013 23:3:27--Recibir_A-I-El archivo 18-Teatro.Payro@reservas.com.ar-PAyro181013a se movio exitosamente 
17/10/2013 23:3:27--Recibir_A-I-El archivo 18-Teatro.Payro@reservas.com.ar-PAyro181013a de reservas ha sido aceptado 
17/10/2013 23:3:27--Recibir_A-I-El archivo 18-Teatro.Payro@reservas.com.ar-PAyro251013a se movio exitosamente 
17/10/2013 23:3:27--Recibir_A-I-El archivo 18-Teatro.Payro@reservas.com.ar-PAyro251013a de reservas ha sido aceptado 
17/10/2013 23:3:27--Recibir_A-I-El archivo 18-Teatro.Payro@reservas.com.ar-PAyro261013a se movio exitosamente 
17/10/2013 23:3:27--Recibir_A-I-El archivo 18-Teatro.Payro@reservas.com.ar-PAyro261013a de reservas ha sido aceptado 
17/10/2013 23:3:27--Recibir_A-I-El archivo 1-LEYER_DEMIAN@GMAIL.COM-EstrenoenelPayro332 se movio exitosamente 
17/10/2013 23:3:27--Recibir_A-I-El archivo 1-LEYER_DEMIAN@GMAIL.COM-EstrenoenelPayro332 de reservas ha sido aceptado 
17/10/2013 23:3:27--Recibir_A-I-El archivo 1-LEYER_DEMIAN@GMAIL.COM-EstrenoenelPayro333 se movio exitosamente 
17/10/2013 23:3:27--Recibir_A-I-El archivo 1-LEYER_DEMIAN@GMAIL.COM-EstrenoenelPayro333 de reservas ha sido aceptado 
17/10/2013 23:3:27--Recibir_A-I-El archivo 1-LEYER_DEMIAN@GMAIL.COM-EstrenoenelPayro334 se movio exitosamente 
17/10/2013 23:3:27--Recibir_A-I-El archivo 1-LEYER_DEMIAN@GMAIL.COM-EstrenoenelPayro334 de reservas ha sido aceptado 
17/10/2013 23:3:27--Recibir_A-I-El archivo 1-LEYER_DEMIAN@GMAIL.COM-EstrenoenelPayro335 se movio exitosamente 
17/10/2013 23:3:27--Recibir_A-I-El archivo 1-LEYER_DEMIAN@GMAIL.COM-EstrenoenelPayro335 de reservas ha sido aceptado 
17/10/2013 23:3:27--Recibir_A-I-El archivo 1-MORA_ANTONIO@HOTMAIL.COM-UnaHistoria_del27al33 se movio exitosamente 
17/10/2013 23:3:28--Recibir_A-I-El archivo 1-MORA_ANTONIO@HOTMAIL.COM-UnaHistoria_del27al33 de reservas ha sido aceptado 
17/10/2013 23:3:28--Recibir_A-I-El archivo 1-MORA_ANTONIO@HOTMAIL.COM-UnaHistoria_del34al40 se movio exitosamente 
17/10/2013 23:3:28--Recibir_A-I-El archivo 1-MORA_ANTONIO@HOTMAIL.COM-UnaHistoria_del34al40 de reservas ha sido aceptado 
17/10/2013 23:3:28--Recibir_A-I-El archivo 1-MORA_ANTONIO@HOTMAIL.COM-UnaHistoria_del41al47 se movio exitosamente 
17/10/2013 23:3:28--Recibir_A-I-El archivo 1-MORA_ANTONIO@HOTMAIL.COM-UnaHistoria_del41al47 de reservas ha sido aceptado 
17/10/2013 23:3:28--Recibir_A-I-El archivo 1-MORA_ANTONIO@HOTMAIL.COM-UnaHistoria_del48al54 se movio exitosamente 
17/10/2013 23:3:28--Recibir_A-I-El archivo 1-MORA_ANTONIO@HOTMAIL.COM-UnaHistoria_del48al54 de reservas ha sido aceptado 
17/10/2013 23:3:28--Recibir_A-I-El archivo 334.inv se movio exitosamente 
17/10/2013 23:3:28--Recibir_A-I-El archivo de invitados  334.inv fue aceptado y movido a /tmp/guest-TkMCZM/Escritorio/Instalador/listados 
17/10/2013 23:3:28--Recibir_A-I-El archivo 3-BEIRO_CLAUDIO@GMAIL.COM-NoeTEA_Fila12 se movio exitosamente 
17/10/2013 23:3:28--Recibir_A-I-El archivo 3-BEIRO_CLAUDIO@GMAIL.COM-NoeTEA_Fila12 de reservas ha sido aceptado 
17/10/2013 23:3:28--Recibir_A-I-El archivo 3-BEIRO_CLAUDIO@GMAIL.COM-NoeTEA_Fila13 se movio exitosamente 
17/10/2013 23:3:28--Recibir_A-I-El archivo 3-BEIRO_CLAUDIO@GMAIL.COM-NoeTEA_Fila13 de reservas ha sido aceptado 
17/10/2013 23:3:28--Recibir_A-I-El archivo 3-BEIRO_CLAUDIO@GMAIL.COM-NoeTEA_Fila14 se movio exitosamente 
17/10/2013 23:3:28--Recibir_A-I-El archivo 3-BEIRO_CLAUDIO@GMAIL.COM-NoeTEA_Fila14 de reservas ha sido aceptado 
17/10/2013 23:3:28--Recibir_A-I-El archivo 6-Teatro.Corrientes.Azul@reservas.com.ar-TCA_3Nov13 se movio exitosamente 
17/10/2013 23:3:28--Recibir_A-I-El archivo 6-Teatro.Corrientes.Azul@reservas.com.ar-TCA_3Nov13 de reservas ha sido aceptado 
17/10/2013 23:3:28--Recibir_A-I-Se ejecuta el comando Reservar_A.sh 
17/10/2013 23:3:38--Recibir_A-I-Ciclo Numero 5 
17/10/2013 23:3:48--Recibir_A-I-Ciclo Numero 6 
17/10/2013 23:3:58--Recibir_A-I-Ciclo Numero 7 
17/10/2013 23:4:8--Recibir_A-I-Ciclo Numero 8 
17/10/2013 23:4:18--Recibir_A-I-Ciclo Numero 9 
17/10/2013 23:4:28--Recibir_A-I-Ciclo Numero 10 
17/10/2013 23:4:38--Recibir_A-I-Ciclo Numero 11 
17/10/2013 23:4:48--Recibir_A-I-Ciclo Numero 12 
17/10/2013 23:4:58--Recibir_A-I-Ciclo Numero 13 
17/10/2013 23:5:8--Recibir_A-I-Ciclo Numero 14 
17/10/2013 23:5:18--Recibir_A-I-Ciclo Numero 15 
17/10/2013 23:5:28--Recibir_A-I-Ciclo Numero 16 
17/10/2013 23:5:38--Recibir_A-I-Ciclo Numero 17 
17/10/2013 23:5:48--Recibir_A-I-Ciclo Numero 18 
17/10/2013 23:5:58--Recibir_A-I-Ciclo Numero 19 
17/10/2013 23:6:8--Recibir_A-I-Ciclo Numero 20 
17/10/2013 23:6:18--Recibir_A-I-Ciclo Numero 21 
17/10/2013 23:6:28--Recibir_A-I-Ciclo Numero 22 
17/10/2013 23:6:38--Recibir_A-I-Ciclo Numero 23 
17/10/2013 23:6:48--Recibir_A-I-Ciclo Numero 24 
17/10/2013 23:6:58--Recibir_A-I-Ciclo Numero 25 
