17/10/2013 23:3:28--Reservar_A-I-Inicio de Reservar_A 
17/10/2013 23:3:28--Reservar_A-I-La cantidad de archivos en aceptados es 16 
17/10/2013 23:3:28--Reservar_A-I-Archivo a procesar: aceptados/1-LEYER_DEMIAN@GMAIL.COM-EstrenoenelPayro332 
17/10/2013 23:3:28--Reservar_A-I-Moviendo archivo a procesados 
17/10/2013 23:3:28--Reservar_A-I-El archivo 1-LEYER_DEMIAN@GMAIL.COM-EstrenoenelPayro332 se movio exitosamente 
17/10/2013 23:3:28--Reservar_A-I-Archivo a procesar: aceptados/1-LEYER_DEMIAN@GMAIL.COM-EstrenoenelPayro333 
17/10/2013 23:3:28--Reservar_A-I-Moviendo archivo a procesados 
17/10/2013 23:3:28--Reservar_A-I-El archivo 1-LEYER_DEMIAN@GMAIL.COM-EstrenoenelPayro333 se movio exitosamente 
17/10/2013 23:3:28--Reservar_A-I-Archivo a procesar: aceptados/1-LEYER_DEMIAN@GMAIL.COM-EstrenoenelPayro334 
17/10/2013 23:3:28--Reservar_A-I-Moviendo archivo a procesados 
17/10/2013 23:3:28--Reservar_A-I-El archivo 1-LEYER_DEMIAN@GMAIL.COM-EstrenoenelPayro334 se movio exitosamente 
17/10/2013 23:3:28--Reservar_A-I-Archivo a procesar: aceptados/1-LEYER_DEMIAN@GMAIL.COM-EstrenoenelPayro335 
17/10/2013 23:3:29--Reservar_A-I-Moviendo archivo a procesados 
17/10/2013 23:3:29--Reservar_A-I-El archivo 1-LEYER_DEMIAN@GMAIL.COM-EstrenoenelPayro335 se movio exitosamente 
17/10/2013 23:3:29--Reservar_A-I-Archivo a procesar: aceptados/1-MORA_ANTONIO@HOTMAIL.COM-UnaHistoria_del27al33 
17/10/2013 23:3:29--Reservar_A-I-Moviendo archivo a procesados 
17/10/2013 23:3:29--Reservar_A-I-El archivo 1-MORA_ANTONIO@HOTMAIL.COM-UnaHistoria_del27al33 se movio exitosamente 
17/10/2013 23:3:29--Reservar_A-I-Archivo a procesar: aceptados/1-MORA_ANTONIO@HOTMAIL.COM-UnaHistoria_del34al40 
17/10/2013 23:3:29--Reservar_A-I-Moviendo archivo a procesados 
17/10/2013 23:3:29--Reservar_A-I-El archivo 1-MORA_ANTONIO@HOTMAIL.COM-UnaHistoria_del34al40 se movio exitosamente 
17/10/2013 23:3:29--Reservar_A-I-Archivo a procesar: aceptados/1-MORA_ANTONIO@HOTMAIL.COM-UnaHistoria_del41al47 
17/10/2013 23:3:29--Reservar_A-I-Moviendo archivo a procesados 
17/10/2013 23:3:30--Reservar_A-I-El archivo 1-MORA_ANTONIO@HOTMAIL.COM-UnaHistoria_del41al47 se movio exitosamente 
17/10/2013 23:3:30--Reservar_A-I-Archivo a procesar: aceptados/1-MORA_ANTONIO@HOTMAIL.COM-UnaHistoria_del48al54 
17/10/2013 23:3:30--Reservar_A-I-Moviendo archivo a procesados 
17/10/2013 23:3:30--Reservar_A-I-El archivo 1-MORA_ANTONIO@HOTMAIL.COM-UnaHistoria_del48al54 se movio exitosamente 
17/10/2013 23:3:30--Reservar_A-I-Archivo a procesar: aceptados/18-Teatro.Payro@reservas.com.ar-PAyro171013a 
17/10/2013 23:3:30--Reservar_A-I-Moviendo archivo a procesados 
17/10/2013 23:3:30--Reservar_A-I-El archivo 18-Teatro.Payro@reservas.com.ar-PAyro171013a se movio exitosamente 
17/10/2013 23:3:30--Reservar_A-I-Archivo a procesar: aceptados/18-Teatro.Payro@reservas.com.ar-PAyro181013a 
17/10/2013 23:3:30--Reservar_A-I-Moviendo archivo a procesados 
17/10/2013 23:3:30--Reservar_A-I-El archivo 18-Teatro.Payro@reservas.com.ar-PAyro181013a se movio exitosamente 
17/10/2013 23:3:30--Reservar_A-I-Archivo a procesar: aceptados/18-Teatro.Payro@reservas.com.ar-PAyro251013a 
17/10/2013 23:3:30--Reservar_A-I-Moviendo archivo a procesados 
17/10/2013 23:3:30--Reservar_A-I-El archivo 18-Teatro.Payro@reservas.com.ar-PAyro251013a se movio exitosamente 
17/10/2013 23:3:30--Reservar_A-I-Archivo a procesar: aceptados/18-Teatro.Payro@reservas.com.ar-PAyro261013a 
17/10/2013 23:3:30--Reservar_A-I-Moviendo archivo a procesados 
17/10/2013 23:3:30--Reservar_A-I-El archivo 18-Teatro.Payro@reservas.com.ar-PAyro261013a se movio exitosamente 
17/10/2013 23:3:30--Reservar_A-I-Archivo a procesar: aceptados/3-BEIRO_CLAUDIO@GMAIL.COM-NoeTEA_Fila12 
17/10/2013 23:3:31--Reservar_A-I-Moviendo archivo a procesados 
17/10/2013 23:3:31--Reservar_A-I-El archivo 3-BEIRO_CLAUDIO@GMAIL.COM-NoeTEA_Fila12 se movio exitosamente 
17/10/2013 23:3:31--Reservar_A-I-Archivo a procesar: aceptados/3-BEIRO_CLAUDIO@GMAIL.COM-NoeTEA_Fila13 
17/10/2013 23:3:31--Reservar_A-I-Moviendo archivo a procesados 
17/10/2013 23:3:31--Reservar_A-I-El archivo 3-BEIRO_CLAUDIO@GMAIL.COM-NoeTEA_Fila13 se movio exitosamente 
17/10/2013 23:3:31--Reservar_A-I-Archivo a procesar: aceptados/3-BEIRO_CLAUDIO@GMAIL.COM-NoeTEA_Fila14 
17/10/2013 23:3:31--Reservar_A-I-Moviendo archivo a procesados 
17/10/2013 23:3:31--Reservar_A-I-El archivo 3-BEIRO_CLAUDIO@GMAIL.COM-NoeTEA_Fila14 se movio exitosamente 
17/10/2013 23:3:31--Reservar_A-I-Archivo a procesar: aceptados/6-Teatro.Corrientes.Azul@reservas.com.ar-TCA_3Nov13 
17/10/2013 23:3:31--Reservar_A-I-Moviendo archivo a procesados 
17/10/2013 23:3:31--Reservar_A-I-El archivo 6-Teatro.Corrientes.Azul@reservas.com.ar-TCA_3Nov13 se movio exitosamente 
17/10/2013 23:3:31--Reservar_A-I-La cantidad de registros en reservas.ok grabados es 21 
17/10/2013 23:3:31--Reservar_A-I-La cantidad de registros en reservas.nok grabados es 58 
17/10/2013 23:3:31--Reservar_A-I-Actualizacion del archivo disponibilidad 
17/10/2013 23:3:31--Reservar_A-I-Fin de Reservar_A 
